[32mStarted HTTP and WebSocket JSON-RPC server at http://127.0.0.1:8545/[39m

Accounts
========

[1mWARNING: These accounts, and their private keys, are publicly known.[22m
[1mAny funds sent to them on Mainnet or any other live network WILL BE LOST.[22m

Account #0: 0xf39Fd6e51aad88F6F4ce6aB8827279cffFb92266 (10000 ETH)
Private Key: 0xac0974bec39a17e36ba4a6b4d238ff944bacb478cbed5efcae784d7bf4f2ff80

Account #1: 0x70997970C51812dc3A010C7d01b50e0d17dc79C8 (10000 ETH)
Private Key: 0x59c6995e998f97a5a0044966f0945389dc9e86dae88c7a8412f4603b6b78690d

Account #2: 0x3C44CdDdB6a900fa2b585dd299e03d12FA4293BC (10000 ETH)
Private Key: 0x5de4111afa1a4b94908f83103eb1f1706367c2e68ca870fc3fb9a804cdab365a

Account #3: 0x90F79bf6EB2c4f870365E785982E1f101E93b906 (10000 ETH)
Private Key: 0x7c852118294e51e653712a81e05800f419141751be58f605c371e15141b007a6

Account #4: 0x15d34AAf54267DB7D7c367839AAf71A00a2C6A65 (10000 ETH)
Private Key: 0x47e179ec197488593b187f80a00eb0da91f1b9d0b13f8733639f19c30a34926a

Account #5: 0x9965507D1a55bcC2695C58ba16FB37d819B0A4dc (10000 ETH)
Private Key: 0x8b3a350cf5c34c9194ca85829a2df0ec3153be0318b5e2d3348e872092edffba

Account #6: 0x976EA74026E726554dB657fA54763abd0C3a0aa9 (10000 ETH)
Private Key: 0x92db14e403b83dfe3df233f83dfa3a0d7096f21ca9b0d6d6b8d88b2b4ec1564e

Account #7: 0x14dC79964da2C08b23698B3D3cc7Ca32193d9955 (10000 ETH)
Private Key: 0x4bbbf85ce3377467afe5d46f804f221813b2bb87f24d81f60f1fcdbf7cbf4356

Account #8: 0x23618e81E3f5cdF7f54C3d65f7FBc0aBf5B21E8f (10000 ETH)
Private Key: 0xdbda1821b80551c9d65939329250298aa3472ba22feea921c0cf5d620ea67b97

Account #9: 0xa0Ee7A142d267C1f36714E4a8F75612F20a79720 (10000 ETH)
Private Key: 0x2a871d0798f97d79848a013d4936a73bf4cc922c825d33c1cf7073dff6d409c6

Account #10: 0xBcd4042DE499D14e55001CcbB24a551F3b954096 (10000 ETH)
Private Key: 0xf214f2b2cd398c806f84e317254e0f0b801d0643303237d97a22a48e01628897

Account #11: 0x71bE63f3384f5fb98995898A86B02Fb2426c5788 (10000 ETH)
Private Key: 0x701b615bbdfb9de65240bc28bd21bbc0d996645a3dd57e7b12bc2bdf6f192c82

Account #12: 0xFABB0ac9d68B0B445fB7357272Ff202C5651694a (10000 ETH)
Private Key: 0xa267530f49f8280200edf313ee7af6b827f2a8bce2897751d06a843f644967b1

Account #13: 0x1CBd3b2770909D4e10f157cABC84C7264073C9Ec (10000 ETH)
Private Key: 0x47c99abed3324a2707c28affff1267e45918ec8c3f20b8aa892e8b065d2942dd

Account #14: 0xdF3e18d64BC6A983f673Ab319CCaE4f1a57C7097 (10000 ETH)
Private Key: 0xc526ee95bf44d8fc405a158bb884d9d1238d99f0612e9f33d006bb0789009aaa

Account #15: 0xcd3B766CCDd6AE721141F452C550Ca635964ce71 (10000 ETH)
Private Key: 0x8166f546bab6da521a8369cab06c5d2b9e46670292d85c875ee9ec20e84ffb61

Account #16: 0x2546BcD3c84621e976D8185a91A922aE77ECEc30 (10000 ETH)
Private Key: 0xea6c44ac03bff858b476bba40716402b03e41b8e97e276d1baec7c37d42484a0

Account #17: 0xbDA5747bFD65F08deb54cb465eB87D40e51B197E (10000 ETH)
Private Key: 0x689af8efa8c651a91ad287602527f3af2fe9f6501a7ac4b061667b5a93e037fd

Account #18: 0xdD2FD4581271e230360230F9337D5c0430Bf44C0 (10000 ETH)
Private Key: 0xde9be858da4a475276426320d5e9262ecfc3ba460bfac56360bfa6c4c28b4ee0

Account #19: 0x8626f6940E2eb28930eFb4CeF49B2d1F2C9C1199 (10000 ETH)
Private Key: 0xdf57089febbacf7ba0bc227dafbffa9fc08a93fdc68e1e42411a14efcf23656e

[1mWARNING: These accounts, and their private keys, are publicly known.[22m
[1mAny funds sent to them on Mainnet or any other live network WILL BE LOST.[22m

[32meth_chainId[0m
[32meth_accounts[0m
[32mhardhat_metadata[0m
[32mhardhat_metadata (2)[0m
[32mhardhat_metadata (3)[0m
[32mhardhat_metadata (4)[0m
[32mhardhat_metadata (5)[0m
[32mhardhat_metadata (6)[0m
[32mhardhat_metadata (7)[0m
[32mhardhat_metadata (8)[0m
[32mhardhat_metadata (9)[0m
[32mhardhat_metadata (10)[0m
[32mhardhat_metadata (11)[0m
[32mhardhat_metadata (12)[0m
[32mhardhat_metadata (13)[0m
[32mhardhat_metadata (14)[0m
[32mhardhat_metadata (15)[0m
[32mhardhat_metadata (16)[0m
[32mhardhat_metadata (17)[0m
[32mhardhat_metadata (18)[0m
[32mhardhat_metadata (19)[0m
[32mhardhat_metadata (20)[0m
[32meth_getBalance[0m
[32meth_accounts[0m
[32mhardhat_metadata[0m
[32mhardhat_metadata (2)[0m
[32mhardhat_metadata (3)[0m
[32mhardhat_metadata (4)[0m
[32mhardhat_metadata (5)[0m
[32mhardhat_metadata (6)[0m
[32mhardhat_metadata (7)[0m
[32mhardhat_metadata (8)[0m
[32mhardhat_metadata (9)[0m
[32mhardhat_metadata (10)[0m
[32mhardhat_metadata (11)[0m
[32mhardhat_metadata (12)[0m
[32mhardhat_metadata (13)[0m
[32mhardhat_metadata (14)[0m
[32mhardhat_metadata (15)[0m
[32mhardhat_metadata (16)[0m
[32mhardhat_metadata (17)[0m
[32mhardhat_metadata (18)[0m
[32mhardhat_metadata (19)[0m
[32mhardhat_metadata (20)[0m
[32meth_blockNumber[0m
[32meth_getBlockByNumber[0m
[32meth_feeHistory[0m
[32meth_maxPriorityFeePerGas[0m
[32meth_sendTransaction[0m
  Contract deployment: PaperRegistry
  Contract address:    0x5fbdb2315678afecb367f032d93f642f64180aa3
  Transaction:         0x86dca4baf8e120799a2ac842b00db0359d03dad15d4c669d933d5e359290d85f
  From:                0xf39fd6e51aad88f6f4ce6ab8827279cfffb92266
  Value:               0 ETH
  Gas used:            854367 of 16777216
  Block #1:            0xc1745948c709c40fe1e0a23648ef4c36827c517e30273167325240afe35c9873

[32meth_getTransactionByHash[0m
[32meth_getTransactionReceipt[0m
[32meth_accounts[0m
[32mhardhat_metadata[0m
[32mhardhat_metadata (2)[0m
[32mhardhat_metadata (3)[0m
[32mhardhat_metadata (4)[0m
[32mhardhat_metadata (5)[0m
[32mhardhat_metadata (6)[0m
[32mhardhat_metadata (7)[0m
[32mhardhat_metadata (8)[0m
[32mhardhat_metadata (9)[0m
[32mhardhat_metadata (10)[0m
[32mhardhat_metadata (11)[0m
[32mhardhat_metadata (12)[0m
[32mhardhat_metadata (13)[0m
[32mhardhat_metadata (14)[0m
[32mhardhat_metadata (15)[0m
[32mhardhat_metadata (16)[0m
[32mhardhat_metadata (17)[0m
[32mhardhat_metadata (18)[0m
[32mhardhat_metadata (19)[0m
[32mhardhat_metadata (20)[0m
[32meth_blockNumber[0m
[32meth_feeHistory[0m
[32meth_sendTransaction[0m
  Contract deployment: ReviewManager
  Contract address:    0xe7f1725e7734ce288f8367e1bb143e90bb3f0512
  Transaction:         0x7876ea355e9a6f5bfb859982cf470c38b49426ea0a9cee5243c78602d14b0f46
  From:                0xf39fd6e51aad88f6f4ce6ab8827279cfffb92266
  Value:               0 ETH
  Gas used:            730077 of 16777216
  Block #2:            0x609381552e7b52fe91898612c852488dda5a11b15147e657fc16510c9bd9268c

[32meth_getTransactionByHash[0m
[32meth_getTransactionReceipt[0m
[32meth_chainId[0m
[32meth_getTransactionCount[0m
[32meth_estimateGas[0m
[32meth_chainId[0m
[32meth_chainId (2)[0m
[32meth_getBlockByNumber[0m
[32meth_gasPrice[0m
[32meth_maxPriorityFeePerGas[0m
[32meth_blockNumber[0m
[32meth_sendRawTransaction[0m
  Contract call:       PaperRegistry#createJournal
  Transaction:         0x0788862c02dae4ee8219c5ec8603df72195eb014bc284f1ce71937d270ad6d6f
  From:                0xf39fd6e51aad88f6f4ce6ab8827279cfffb92266
  To:                  0x5fbdb2315678afecb367f032d93f642f64180aa3
  Value:               0 ETH
  Gas used:            114691 of 114691
  Block #3:            0xe740ed300a4519b6cc32ade7b95c63f34000a1b20ac1dd42c783393a05005e29

[32meth_chainId[0m
[32meth_chainId (2)[0m
[32meth_getTransactionReceipt[0m
[32meth_chainId[0m
[32meth_call[0m
  Contract call:       PaperRegistry#journals
  From:                0xf39fd6e51aad88f6f4ce6ab8827279cfffb92266
  To:                  0x5fbdb2315678afecb367f032d93f642f64180aa3

[32meth_call[0m
  Contract call:       PaperRegistry#paperExists
  From:                0xf39fd6e51aad88f6f4ce6ab8827279cfffb92266
  To:                  0x5fbdb2315678afecb367f032d93f642f64180aa3

[32meth_chainId[0m
[32meth_chainId (2)[0m
[32meth_getTransactionCount[0m
[32meth_estimateGas[0m
[32meth_chainId[0m
[32meth_chainId (2)[0m
[32meth_getBlockByNumber[0m
[32meth_gasPrice[0m
[32meth_maxPriorityFeePerGas[0m
[32meth_blockNumber[0m
[32meth_sendRawTransaction[0m
  Contract call:       PaperRegistry#submitToJournal
  Transaction:         0x3d2480a6950792d969db671e715fc456c59c436d96cb9674c367b925fb24dd4a
  From:                0xf39fd6e51aad88f6f4ce6ab8827279cfffb92266
  To:                  0x5fbdb2315678afecb367f032d93f642f64180aa3
  Value:               0.1 ETH
  Gas used:            276830 of 276830
  Block #4:            0x87739b0954cbef552a52bd57226a1e072d3b197285c412c44fa4afbceb8cefd7

[32meth_chainId[0m
[32meth_chainId (2)[0m
[32meth_getTransactionReceipt[0m
[32meth_chainId[0m
[32meth_call[0m
  Contract call:       ReviewManager#isReviewer
  From:                0xf39fd6e51aad88f6f4ce6ab8827279cfffb92266
  To:                  0xe7f1725e7734ce288f8367e1bb143e90bb3f0512

[32meth_getTransactionCount[0m
[32meth_chainId[0m
[32meth_estimateGas[0m
[32meth_chainId[0m
[32meth_chainId (2)[0m
[32meth_gasPrice[0m
[32meth_getBlockByNumber[0m
[32meth_maxPriorityFeePerGas[0m
[32meth_blockNumber[0m
[32meth_chainId[0m
[32meth_sendRawTransaction[0m
  Contract call:       ReviewManager#registerReviewer
  Transaction:         0x98d0344073e3a0d952dff2526051ac2baa3617efbab16ce3ec64b6cbe270f070
  From:                0xf39fd6e51aad88f6f4ce6ab8827279cfffb92266
  To:                  0xe7f1725e7734ce288f8367e1bb143e90bb3f0512
  Value:               0 ETH
  Gas used:            44741 of 44741
  Block #5:            0x5eab9d108be2dc7113ab01cb2f9d1494a33f9b42320b666d0335d1400a1735d2

[32meth_chainId[0m
[32meth_getTransactionReceipt[0m
[32meth_chainId[0m
[32meth_call[0m
  Contract call:       ReviewManager#isReviewer
  From:                0xf39fd6e51aad88f6f4ce6ab8827279cfffb92266
  To:                  0xe7f1725e7734ce288f8367e1bb143e90bb3f0512

[32meth_chainId[0m
[32meth_call[0m
  Contract call:       ReviewManager#hasReviewed
  From:                0xf39fd6e51aad88f6f4ce6ab8827279cfffb92266
  To:                  0xe7f1725e7734ce288f8367e1bb143e90bb3f0512

[32meth_getTransactionCount[0m
[32meth_chainId[0m
[32meth_estimateGas[0m
[32meth_chainId[0m
[32meth_chainId (2)[0m
[32meth_getBlockByNumber[0m
[32meth_gasPrice[0m
[32meth_maxPriorityFeePerGas[0m
[32meth_blockNumber[0m
[32meth_sendRawTransaction[0m
  Contract call:       ReviewManager#submitReview
  Transaction:         0x02ab99f02da5663ff927d9477430d506ffba79c30c0eb4d2386a2623b0221700
  From:                0xf39fd6e51aad88f6f4ce6ab8827279cfffb92266
  To:                  0xe7f1725e7734ce288f8367e1bb143e90bb3f0512
  Value:               0 ETH
  Gas used:            124093 of 124093
  Block #6:            0x46d2c1ad39d8967e1fe21c75178d88d5db82ce6050a3f3c412d70b9f8690ca18

[32meth_chainId[0m
[32meth_chainId (2)[0m
[32meth_getTransactionReceipt[0m
[32meth_chainId[0m
[32meth_call[0m
  Contract call:       PaperRegistry#paperExists
  From:                0xf39fd6e51aad88f6f4ce6ab8827279cfffb92266
  To:                  0x5fbdb2315678afecb367f032d93f642f64180aa3

[32meth_chainId[0m
[32meth_call[0m
  Contract call:       PaperRegistry#paperExists
  From:                0xf39fd6e51aad88f6f4ce6ab8827279cfffb92266
  To:                  0x5fbdb2315678afecb367f032d93f642f64180aa3

